<?xml version="1.0" encoding="UTF-8"?>
<testsuites tests="3" failures="0" disabled="0" errors="0" timestamp="2018-03-20T16:49:26" time="0" name="AllTests">
  <testsuite name="TCP" tests="1" failures="0" disabled="0" errors="0" time="0">
    <testcase name="unit_sendMessage" status="run" time="0" classname="TCP" />
  </testsuite>
  <testsuite name="CommanderTest" tests="2" failures="0" disabled="0" errors="0" time="0">
    <testcase name="workflow" status="run" time="0" classname="CommanderTest" />
    <testcase name="newAndDelete" status="run" time="0" classname="CommanderTest" />
  </testsuite>
</testsuites>
